<?xml version="1.0" encoding="UTF-8"?>
<!-- Generated by org.testng.reporters.JUnitReportReporter -->
<testsuite hostname="IM-LP-2521" failures="0" tests="1" name="org.aia.testcases.ces.SamplePdf" time="57.577" errors="0" timestamp="2024-01-29T10:57:38 IST" skipped="0">
  <testcase classname="org.aia.testcases.ces.SamplePdf" name="extractPDF" time="57.577"/>
  <system-out/>
</testsuite> <!-- org.aia.testcases.ces.SamplePdf -->
