<?xml version="1.0" encoding="UTF-8"?>
<!-- Generated by org.testng.reporters.JUnitReportReporter -->
<testsuite hostname="IM-RT-LP-1483" failures="0" tests="1" name="Jenkins.Sample.TestInJenkins" time="6.893" errors="0" timestamp="2023-08-28T22:57:39 IST" skipped="0">
  <testcase classname="Jenkins.Sample.TestInJenkins" name="testJenkins" time="6.893"/>
  <system-out/>
</testsuite> <!-- Jenkins.Sample.TestInJenkins -->
