<?xml version="1.0" encoding="UTF-8"?>
<!-- Generated by org.testng.reporters.JUnitReportReporter -->
<testsuite hostname="IM-RT-LP-1483" failures="0" tests="1" name="Jenkins.Sample.TestInJenkins" time="51.992" errors="0" timestamp="2023-08-17T18:22:12 IST" skipped="0">
  <testcase classname="Jenkins.Sample.TestInJenkins" name="testJenkins" time="51.992"/>
  <system-out/>
</testsuite> <!-- Jenkins.Sample.TestInJenkins -->
